c:\workspace\bga\roguelike\debug\vc142.pdb
c:\workspace\bga\roguelike\debug\vc142.idb
c:\workspace\bga\roguelike\debug\rggame.obj
c:\workspace\bga\roguelike\debug\player.obj
c:\workspace\bga\roguelike\debug\enemy.obj
c:\workspace\bga\roguelike\debug\approguelike.obj
c:\workspace\bga\roguelike\debug\istrtex.obj
c:\workspace\bga\roguelike\debug\istring.obj
c:\workspace\bga\roguelike\debug\istd.obj
c:\workspace\bga\roguelike\debug\isort.obj
c:\workspace\bga\roguelike\debug\isize.obj
c:\workspace\bga\roguelike\debug\ishortestpath.obj
c:\workspace\bga\roguelike\debug\irect.obj
c:\workspace\bga\roguelike\debug\ipopup.obj
c:\workspace\bga\roguelike\debug\ipoint.obj
c:\workspace\bga\roguelike\debug\iopengl.obj
c:\workspace\bga\roguelike\debug\iopenal.obj
c:\workspace\bga\roguelike\debug\iimage.obj
c:\workspace\bga\roguelike\debug\igraphics.obj
c:\workspace\bga\roguelike\debug\ifps.obj
c:\workspace\bga\roguelike\debug\icolor.obj
c:\workspace\bga\roguelike\debug\iarray.obj
c:\workspace\bga\roguelike\debug\weapon.obj
c:\workspace\bga\roguelike\debug\useitem.obj
c:\workspace\bga\roguelike\debug\stage.obj
c:\workspace\bga\roguelike\debug\room.obj
c:\workspace\bga\roguelike\debug\rgproc.obj
c:\workspace\bga\roguelike\debug\rgmenu.obj
c:\workspace\bga\roguelike\debug\rgintro.obj
c:\workspace\bga\roguelike\debug\rgtile.obj
c:\workspace\bga\roguelike\debug\glew.obj
c:\workspace\bga\roguelike\debug\wmelee.obj
c:\workspace\bga\debug\roguelike.exe
c:\workspace\bga\debug\roguelike.ilk
c:\workspace\bga\debug\roguelike.pdb
c:\workspace\bga\roguelike\debug\roguelike.res
c:\workspace\bga\roguelike\debug\roguegame.obj
c:\workspace\bga\roguelike\debug\rogueintro.obj
c:\workspace\bga\roguelike\debug\roguemenu.obj
c:\workspace\bga\roguelike\debug\rogueproc.obj
c:\workspace\bga\roguelike\debug\istd.obj.enc
c:\workspace\bga\roguelike\debug\player.obj.enc
c:\workspace\bga\roguelike\debug\rgproc.obj.enc
c:\workspace\bga\roguelike\debug\rgtile.new.obj.enc
c:\workspace\bga\roguelike\debug\room.obj.enc
c:\workspace\bga\roguelike\debug\wmelee.obj.enc
c:\workspace\bga\roguelike\debug\roguelike.tlog\cl.command.1.tlog
c:\workspace\bga\roguelike\debug\roguelike.tlog\cl.read.1.tlog
c:\workspace\bga\roguelike\debug\roguelike.tlog\cl.write.1.tlog
c:\workspace\bga\roguelike\debug\roguelike.tlog\link.command.1.tlog
c:\workspace\bga\roguelike\debug\roguelike.tlog\link.read.1.tlog
c:\workspace\bga\roguelike\debug\roguelike.tlog\link.write.1.tlog
c:\workspace\bga\roguelike\debug\roguelike.tlog\rc.command.1.tlog
c:\workspace\bga\roguelike\debug\roguelike.tlog\rc.read.1.tlog
c:\workspace\bga\roguelike\debug\roguelike.tlog\rc.write.1.tlog
